<?xml version="1.0" encoding="UTF-8"?>
<!-- Generated by org.testng.reporters.JUnitReportReporter -->
<testsuite hostname="sneha-pc" failures="0" tests="1" name="com.wipro.labsesssion_18testng.Bookingflow" time="31.814" errors="1" timestamp="2025-08-19T14:11:01 IST" skipped="0">
  <testcase classname="com.wipro.labsesssion_18testng.Bookingflow" name="Hotel" time="31.814">
    <error message="element click intercepted: Element &lt;a ng-if=&quot;!hotel.redirect&quot; ng-href=&quot;https://phptravels.net/hotel/3/four-points-by-sheraton-bur-dubai/22-08-2025/26-08-2025/1/2/0/IN/hotels&quot; type=&quot;submit&quot; class=&quot;btn btn-primary px-4 rounded-4 w-100 fw-light d-flex justify-content-between align-items-center waves-effect ng-scope&quot; href=&quot;https://phptravels.net/hotel/3/four-points-by-sheraton-bur-dubai/22-08-2025/26-08-2025/1/2/0/IN/hotels&quot;&gt;...&lt;/a&gt; is not clickable at point (1233, 615). Other element would receive the click: &lt;div id=&quot;cookie_disclaimer&quot; role=&quot;dialog&quot; class=&quot;wow fadein_ fadeIn cc-window cc-banner cc-type-info cc-theme-block cc-color-override--1961008818 p-3 bg-dark text-white&quot; style=&quot;z-index: 9999;bottom:0&quot;&gt;...&lt;/div&gt;
  (Session info: chrome=139.0.7258.128)
Build info: version: &#039;4.31.0&#039;, revision: &#039;1ef9f18787*&#039;
System info: os.name: &#039;Windows 11&#039;, os.arch: &#039;amd64&#039;, os.version: &#039;10.0&#039;, java.version: &#039;23.0.2&#039;
Driver info: org.openqa.selenium.chrome.ChromeDriver
Command: [1cf83e6568c0cd04b181f42d3d2fdde6, clickElement {id=f.2EE8E58E251DCC9C0141DA4FC3F8A663.d.18F7B78C6139A19A6C7301B74E9D44AB.e.12330}]
Capabilities {acceptInsecureCerts: false, browserName: chrome, browserVersion: 139.0.7258.128, chrome: {chromedriverVersion: 139.0.7258.68 (40ff94600b6e..., userDataDir: C:\Users\ancha\AppData\Loca...}, fedcm:accounts: true, goog:chromeOptions: {debuggerAddress: localhost:56083}, networkConnectionEnabled: false, pageLoadStrategy: normal, platformName: windows, proxy: Proxy(), se:cdp: ws://localhost:56083/devtoo..., se:cdpVersion: 139.0.7258.128, setWindowRect: true, strictFileInteractability: false, timeouts: {implicit: 0, pageLoad: 300000, script: 30000}, unhandledPromptBehavior: dismiss and notify, webauthn:extension:credBlob: true, webauthn:extension:largeBlob: true, webauthn:extension:minPinLength: true, webauthn:extension:prf: true, webauthn:virtualAuthenticators: true}
Element: [[ChromeDriver: chrome on windows (1cf83e6568c0cd04b181f42d3d2fdde6)] -&gt; xpath: //li[2]//div[1]//div[1]//div[1]//div[2]//div[1]//div[2]//div[2]//a[1]]
Session ID: 1cf83e6568c0cd04b181f42d3d2fdde6" type="org.openqa.selenium.ElementClickInterceptedException">
      <![CDATA[org.openqa.selenium.ElementClickInterceptedException: element click intercepted: Element <a ng-if="!hotel.redirect" ng-href="https://phptravels.net/hotel/3/four-points-by-sheraton-bur-dubai/22-08-2025/26-08-2025/1/2/0/IN/hotels" type="submit" class="btn btn-primary px-4 rounded-4 w-100 fw-light d-flex justify-content-between align-items-center waves-effect ng-scope" href="https://phptravels.net/hotel/3/four-points-by-sheraton-bur-dubai/22-08-2025/26-08-2025/1/2/0/IN/hotels">...</a> is not clickable at point (1233, 615). Other element would receive the click: <div id="cookie_disclaimer" role="dialog" class="wow fadein_ fadeIn cc-window cc-banner cc-type-info cc-theme-block cc-color-override--1961008818 p-3 bg-dark text-white" style="z-index: 9999;bottom:0">...</div>
  (Session info: chrome=139.0.7258.128)
Build info: version: '4.31.0', revision: '1ef9f18787*'
System info: os.name: 'Windows 11', os.arch: 'amd64', os.version: '10.0', java.version: '23.0.2'
Driver info: org.openqa.selenium.chrome.ChromeDriver
Command: [1cf83e6568c0cd04b181f42d3d2fdde6, clickElement {id=f.2EE8E58E251DCC9C0141DA4FC3F8A663.d.18F7B78C6139A19A6C7301B74E9D44AB.e.12330}]
Capabilities {acceptInsecureCerts: false, browserName: chrome, browserVersion: 139.0.7258.128, chrome: {chromedriverVersion: 139.0.7258.68 (40ff94600b6e..., userDataDir: C:\Users\ancha\AppData\Loca...}, fedcm:accounts: true, goog:chromeOptions: {debuggerAddress: localhost:56083}, networkConnectionEnabled: false, pageLoadStrategy: normal, platformName: windows, proxy: Proxy(), se:cdp: ws://localhost:56083/devtoo..., se:cdpVersion: 139.0.7258.128, setWindowRect: true, strictFileInteractability: false, timeouts: {implicit: 0, pageLoad: 300000, script: 30000}, unhandledPromptBehavior: dismiss and notify, webauthn:extension:credBlob: true, webauthn:extension:largeBlob: true, webauthn:extension:minPinLength: true, webauthn:extension:prf: true, webauthn:virtualAuthenticators: true}
Element: [[ChromeDriver: chrome on windows (1cf83e6568c0cd04b181f42d3d2fdde6)] -> xpath: //li[2]//div[1]//div[1]//div[1]//div[2]//div[1]//div[2]//div[2]//a[1]]
Session ID: 1cf83e6568c0cd04b181f42d3d2fdde6
at java.base/jdk.internal.reflect.DirectConstructorHandleAccessor.newInstance(DirectConstructorHandleAccessor.java:62)
at java.base/java.lang.reflect.Constructor.newInstanceWithCaller(Constructor.java:501)
at java.base/java.lang.reflect.Constructor.newInstance(Constructor.java:485)
at org.openqa.selenium.remote.ErrorCodec.decode(ErrorCodec.java:167)
at org.openqa.selenium.remote.codec.w3c.W3CHttpResponseCodec.decode(W3CHttpResponseCodec.java:138)
at org.openqa.selenium.remote.codec.w3c.W3CHttpResponseCodec.decode(W3CHttpResponseCodec.java:50)
at org.openqa.selenium.remote.HttpCommandExecutor.execute(HttpCommandExecutor.java:215)
at org.openqa.selenium.remote.service.DriverCommandExecutor.invokeExecute(DriverCommandExecutor.java:216)
at org.openqa.selenium.remote.service.DriverCommandExecutor.execute(DriverCommandExecutor.java:174)
at org.openqa.selenium.remote.RemoteWebDriver.execute(RemoteWebDriver.java:545)
at org.openqa.selenium.remote.RemoteWebElement.execute(RemoteWebElement.java:223)
at org.openqa.selenium.remote.RemoteWebElement.click(RemoteWebElement.java:76)
at com.wipro.labsesssion_18testng.Bookingflow.Hotel(Bookingflow.java:78)
at java.base/jdk.internal.reflect.DirectMethodHandleAccessor.invoke(DirectMethodHandleAccessor.java:103)
at java.base/java.lang.reflect.Method.invoke(Method.java:580)
at org.testng.internal.invokers.MethodInvocationHelper.invokeMethod(MethodInvocationHelper.java:139)
at org.testng.internal.invokers.TestInvoker.invokeMethod(TestInvoker.java:664)
at org.testng.internal.invokers.TestInvoker.invokeTestMethod(TestInvoker.java:227)
at org.testng.internal.invokers.MethodRunner.runInSequence(MethodRunner.java:50)
at org.testng.internal.invokers.TestInvoker$MethodInvocationAgent.invoke(TestInvoker.java:957)
at org.testng.internal.invokers.TestInvoker.invokeTestMethods(TestInvoker.java:200)
at org.testng.internal.invokers.TestMethodWorker.invokeTestMethods(TestMethodWorker.java:148)
at org.testng.internal.invokers.TestMethodWorker.run(TestMethodWorker.java:128)
at java.base/java.util.ArrayList.forEach(ArrayList.java:1597)
at org.testng.TestRunner.privateRun(TestRunner.java:848)
at org.testng.TestRunner.run(TestRunner.java:621)
at org.testng.SuiteRunner.runTest(SuiteRunner.java:443)
at org.testng.SuiteRunner.runSequentially(SuiteRunner.java:437)
at org.testng.SuiteRunner.privateRun(SuiteRunner.java:397)
at org.testng.SuiteRunner.run(SuiteRunner.java:336)
at org.testng.SuiteRunnerWorker.runSuite(SuiteRunnerWorker.java:52)
at org.testng.SuiteRunnerWorker.run(SuiteRunnerWorker.java:95)
at org.testng.TestNG.runSuitesSequentially(TestNG.java:1280)
at org.testng.TestNG.runSuitesLocally(TestNG.java:1200)
at org.testng.TestNG.runSuites(TestNG.java:1114)
at org.testng.TestNG.run(TestNG.java:1082)
at org.testng.remote.AbstractRemoteTestNG.run(AbstractRemoteTestNG.java:115)
at org.testng.remote.RemoteTestNG.initAndRun(RemoteTestNG.java:293)
at org.testng.remote.RemoteTestNG.main(RemoteTestNG.java:91)
]]>
    </error>
  </testcase> <!-- Hotel -->
</testsuite> <!-- com.wipro.labsesssion_18testng.Bookingflow -->
